app/build/intermediates/manifest_merge_blame_file/debug/manifest-merger-blame-debug-report.txt
1<?xml version="1.0" encoding="utf-8"?>
2<manifest xmlns:android="http://schemas.android.com/apk/res/android"
3    package="com.codedev.demo"
4    android:versionCode="1"
5    android:versionName="1.0" >
6
7    <uses-sdk
8        android:minSdkVersion="21"
8-->src\main\AndroidManifest.xml
9        android:targetSdkVersion="32" />
9-->src\main\AndroidManifest.xml
10
11    <uses-permission android:name="android.permission.INTERNET" />
11-->[com.google.firebase:firebase-auth:21.1.0] AndroidManifest.xml:23:5-67
11-->[com.google.firebase:firebase-auth:21.1.0] AndroidManifest.xml:23:22-64
12    <uses-permission android:name="android.permission.ACCESS_NETWORK_STATE" />
12-->[com.google.firebase:firebase-auth:21.1.0] AndroidManifest.xml:24:5-79
12-->[com.google.firebase:firebase-auth:21.1.0] AndroidManifest.xml:24:22-76
13    <uses-permission android:name="com.google.android.gms.permission.AD_ID" /> <!-- Android package visibility setting -->
13-->[com.google.android.gms:play-services-ads-lite:21.5.0] AndroidManifest.xml:26:5-79
13-->[com.google.android.gms:play-services-ads-lite:21.5.0] AndroidManifest.xml:26:22-76
14    <queries>
14-->[com.google.android.gms:play-services-ads-lite:21.5.0] AndroidManifest.xml:32:5-48:15
15
16        <!-- For browser content -->
17        <intent>
17-->[com.google.android.gms:play-services-ads-lite:21.5.0] AndroidManifest.xml:35:9-41:18
18            <action android:name="android.intent.action.VIEW" />
18-->[com.google.firebase:firebase-auth:21.1.0] AndroidManifest.xml:34:17-69
18-->[com.google.firebase:firebase-auth:21.1.0] AndroidManifest.xml:34:25-66
19
20            <category android:name="android.intent.category.BROWSABLE" />
20-->[com.google.firebase:firebase-auth:21.1.0] AndroidManifest.xml:37:17-78
20-->[com.google.firebase:firebase-auth:21.1.0] AndroidManifest.xml:37:27-75
21
22            <data android:scheme="https" />
22-->[com.google.firebase:firebase-auth:21.1.0] AndroidManifest.xml:39:17-42:51
22-->[com.google.firebase:firebase-auth:21.1.0] AndroidManifest.xml:42:21-48
23        </intent>
24        <!-- End of browser content -->
25        <!-- For CustomTabsService -->
26        <intent>
26-->[com.google.android.gms:play-services-ads-lite:21.5.0] AndroidManifest.xml:44:9-46:18
27            <action android:name="android.support.customtabs.action.CustomTabsService" />
27-->[com.google.android.gms:play-services-ads-lite:21.5.0] AndroidManifest.xml:45:13-90
27-->[com.google.android.gms:play-services-ads-lite:21.5.0] AndroidManifest.xml:45:21-87
28        </intent>
29        <!-- End of CustomTabsService -->
30    </queries>
31
32    <uses-permission android:name="android.permission.WAKE_LOCK" />
32-->[com.google.android.gms:play-services-measurement-sdk-api:20.1.2] AndroidManifest.xml:25:5-68
32-->[com.google.android.gms:play-services-measurement-sdk-api:20.1.2] AndroidManifest.xml:25:22-65
33    <uses-permission android:name="android.permission.FOREGROUND_SERVICE" />
33-->[androidx.work:work-runtime:2.7.0] AndroidManifest.xml:28:5-77
33-->[androidx.work:work-runtime:2.7.0] AndroidManifest.xml:28:22-74
34
35    <application
35-->src\main\AndroidManifest.xml:6:5-50:19
36        android:allowBackup="true"
36-->src\main\AndroidManifest.xml:7:9-35
37        android:appComponentFactory="androidx.core.app.CoreComponentFactory"
37-->[androidx.core:core:1.8.0] AndroidManifest.xml:24:18-86
38        android:dataExtractionRules="@xml/data_extraction_rules"
38-->src\main\AndroidManifest.xml:8:9-65
39        android:debuggable="true"
40        android:fullBackupContent="@xml/backup_rules"
40-->src\main\AndroidManifest.xml:9:9-54
41        android:icon="@mipmap/ic_launcher"
41-->src\main\AndroidManifest.xml:10:9-43
42        android:label="@string/app_name"
42-->src\main\AndroidManifest.xml:11:9-41
43        android:roundIcon="@mipmap/ic_launcher_round"
43-->src\main\AndroidManifest.xml:12:9-54
44        android:supportsRtl="true"
44-->src\main\AndroidManifest.xml:13:9-35
45        android:testOnly="true"
46        android:theme="@style/Theme.Demo" >
46-->src\main\AndroidManifest.xml:14:9-42
47        <activity
47-->src\main\AndroidManifest.xml:16:9-18:40
48            android:name="com.codedev.demo.MainActivity"
48-->src\main\AndroidManifest.xml:17:13-41
49            android:exported="false" />
49-->src\main\AndroidManifest.xml:18:13-37
50        <activity
50-->src\main\AndroidManifest.xml:19:9-21:40
51            android:name="com.codedev.demo.ScoreActivity"
51-->src\main\AndroidManifest.xml:20:13-42
52            android:exported="false" />
52-->src\main\AndroidManifest.xml:21:13-37
53        <activity
53-->src\main\AndroidManifest.xml:22:9-24:40
54            android:name="com.codedev.demo.QuestionActivity"
54-->src\main\AndroidManifest.xml:23:13-45
55            android:exported="false" />
55-->src\main\AndroidManifest.xml:24:13-37
56        <activity
56-->src\main\AndroidManifest.xml:25:9-27:40
57            android:name="com.codedev.demo.SetsActivity"
57-->src\main\AndroidManifest.xml:26:13-41
58            android:exported="false" />
58-->src\main\AndroidManifest.xml:27:13-37
59        <activity
59-->src\main\AndroidManifest.xml:28:9-30:40
60            android:name="com.codedev.demo.infoActivity"
60-->src\main\AndroidManifest.xml:29:13-41
61            android:exported="false" />
61-->src\main\AndroidManifest.xml:30:13-37
62        <activity
62-->src\main\AndroidManifest.xml:31:9-33:40
63            android:name="com.codedev.demo.categoryActivity"
63-->src\main\AndroidManifest.xml:32:13-45
64            android:exported="false" />
64-->src\main\AndroidManifest.xml:33:13-37
65        <activity
65-->src\main\AndroidManifest.xml:34:9-36:40
66            android:name="com.codedev.demo.registerActivity"
66-->src\main\AndroidManifest.xml:35:13-45
67            android:exported="false" />
67-->src\main\AndroidManifest.xml:36:13-37
68        <activity
68-->src\main\AndroidManifest.xml:37:9-45:20
69            android:name="com.codedev.demo.SplashActivity"
69-->src\main\AndroidManifest.xml:38:13-43
70            android:exported="true" >
70-->src\main\AndroidManifest.xml:39:13-36
71            <intent-filter>
71-->src\main\AndroidManifest.xml:40:13-44:29
72                <action android:name="android.intent.action.MAIN" />
72-->src\main\AndroidManifest.xml:41:17-69
72-->src\main\AndroidManifest.xml:41:25-66
73
74                <category android:name="android.intent.category.LAUNCHER" />
74-->src\main\AndroidManifest.xml:43:17-77
74-->src\main\AndroidManifest.xml:43:27-74
75            </intent-filter>
76        </activity>
77
78        <meta-data
78-->src\main\AndroidManifest.xml:47:9-49:70
79            android:name="com.google.android.gms.ads.APPLICATION_ID"
79-->src\main\AndroidManifest.xml:48:13-69
80            android:value="ca-app-pub-3940256099942544~3347511713" />
80-->src\main\AndroidManifest.xml:49:13-67
81
82        <activity
82-->[com.google.firebase:firebase-auth:21.1.0] AndroidManifest.xml:27:9-44:20
83            android:name="com.google.firebase.auth.internal.GenericIdpActivity"
83-->[com.google.firebase:firebase-auth:21.1.0] AndroidManifest.xml:28:13-80
84            android:excludeFromRecents="true"
84-->[com.google.firebase:firebase-auth:21.1.0] AndroidManifest.xml:29:13-46
85            android:exported="true"
85-->[com.google.firebase:firebase-auth:21.1.0] AndroidManifest.xml:30:13-36
86            android:launchMode="singleTask"
86-->[com.google.firebase:firebase-auth:21.1.0] AndroidManifest.xml:31:13-44
87            android:theme="@android:style/Theme.Translucent.NoTitleBar" >
87-->[com.google.firebase:firebase-auth:21.1.0] AndroidManifest.xml:32:13-72
88            <intent-filter>
88-->[com.google.firebase:firebase-auth:21.1.0] AndroidManifest.xml:33:13-43:29
89                <action android:name="android.intent.action.VIEW" />
89-->[com.google.firebase:firebase-auth:21.1.0] AndroidManifest.xml:34:17-69
89-->[com.google.firebase:firebase-auth:21.1.0] AndroidManifest.xml:34:25-66
90
91                <category android:name="android.intent.category.DEFAULT" />
91-->[com.google.firebase:firebase-auth:21.1.0] AndroidManifest.xml:36:17-76
91-->[com.google.firebase:firebase-auth:21.1.0] AndroidManifest.xml:36:27-73
92                <category android:name="android.intent.category.BROWSABLE" />
92-->[com.google.firebase:firebase-auth:21.1.0] AndroidManifest.xml:37:17-78
92-->[com.google.firebase:firebase-auth:21.1.0] AndroidManifest.xml:37:27-75
93
94                <data
94-->[com.google.firebase:firebase-auth:21.1.0] AndroidManifest.xml:39:17-42:51
95                    android:host="firebase.auth"
95-->[com.google.firebase:firebase-auth:21.1.0] AndroidManifest.xml:40:21-49
96                    android:path="/"
96-->[com.google.firebase:firebase-auth:21.1.0] AndroidManifest.xml:41:21-37
97                    android:scheme="genericidp" />
97-->[com.google.firebase:firebase-auth:21.1.0] AndroidManifest.xml:42:21-48
98            </intent-filter>
99        </activity>
100        <activity
100-->[com.google.firebase:firebase-auth:21.1.0] AndroidManifest.xml:45:9-62:20
101            android:name="com.google.firebase.auth.internal.RecaptchaActivity"
101-->[com.google.firebase:firebase-auth:21.1.0] AndroidManifest.xml:46:13-79
102            android:excludeFromRecents="true"
102-->[com.google.firebase:firebase-auth:21.1.0] AndroidManifest.xml:47:13-46
103            android:exported="true"
103-->[com.google.firebase:firebase-auth:21.1.0] AndroidManifest.xml:48:13-36
104            android:launchMode="singleTask"
104-->[com.google.firebase:firebase-auth:21.1.0] AndroidManifest.xml:49:13-44
105            android:theme="@android:style/Theme.Translucent.NoTitleBar" >
105-->[com.google.firebase:firebase-auth:21.1.0] AndroidManifest.xml:50:13-72
106            <intent-filter>
106-->[com.google.firebase:firebase-auth:21.1.0] AndroidManifest.xml:51:13-61:29
107                <action android:name="android.intent.action.VIEW" />
107-->[com.google.firebase:firebase-auth:21.1.0] AndroidManifest.xml:34:17-69
107-->[com.google.firebase:firebase-auth:21.1.0] AndroidManifest.xml:34:25-66
108
109                <category android:name="android.intent.category.DEFAULT" />
109-->[com.google.firebase:firebase-auth:21.1.0] AndroidManifest.xml:36:17-76
109-->[com.google.firebase:firebase-auth:21.1.0] AndroidManifest.xml:36:27-73
110                <category android:name="android.intent.category.BROWSABLE" />
110-->[com.google.firebase:firebase-auth:21.1.0] AndroidManifest.xml:37:17-78
110-->[com.google.firebase:firebase-auth:21.1.0] AndroidManifest.xml:37:27-75
111
112                <data
112-->[com.google.firebase:firebase-auth:21.1.0] AndroidManifest.xml:39:17-42:51
113                    android:host="firebase.auth"
113-->[com.google.firebase:firebase-auth:21.1.0] AndroidManifest.xml:40:21-49
114                    android:path="/"
114-->[com.google.firebase:firebase-auth:21.1.0] AndroidManifest.xml:41:21-37
115                    android:scheme="recaptcha" />
115-->[com.google.firebase:firebase-auth:21.1.0] AndroidManifest.xml:42:21-48
116            </intent-filter>
117        </activity>
118
119        <service
119-->[com.google.firebase:firebase-auth:21.1.0] AndroidManifest.xml:64:9-70:19
120            android:name="com.google.firebase.components.ComponentDiscoveryService"
120-->[com.google.firebase:firebase-auth:21.1.0] AndroidManifest.xml:65:13-84
121            android:directBootAware="true"
121-->[com.google.firebase:firebase-common:20.2.0] AndroidManifest.xml:34:13-43
122            android:exported="false" >
122-->[com.google.firebase:firebase-auth:21.1.0] AndroidManifest.xml:66:13-37
123            <meta-data
123-->[com.google.firebase:firebase-auth:21.1.0] AndroidManifest.xml:67:13-69:85
124                android:name="com.google.firebase.components:com.google.firebase.auth.FirebaseAuthRegistrar"
124-->[com.google.firebase:firebase-auth:21.1.0] AndroidManifest.xml:68:17-109
125                android:value="com.google.firebase.components.ComponentRegistrar" />
125-->[com.google.firebase:firebase-auth:21.1.0] AndroidManifest.xml:69:17-82
126            <meta-data
126-->[com.google.firebase:firebase-firestore:24.4.3] AndroidManifest.xml:19:13-21:85
127                android:name="com.google.firebase.components:com.google.firebase.firestore.FirestoreRegistrar"
127-->[com.google.firebase:firebase-firestore:24.4.3] AndroidManifest.xml:20:17-111
128                android:value="com.google.firebase.components.ComponentRegistrar" />
128-->[com.google.firebase:firebase-firestore:24.4.3] AndroidManifest.xml:21:17-82
129        </service> <!-- Include the AdActivity and InAppPurchaseActivity configChanges and themes. -->
130        <activity
130-->[com.google.android.gms:play-services-ads-lite:21.5.0] AndroidManifest.xml:53:9-58:43
131            android:name="com.google.android.gms.ads.AdActivity"
131-->[com.google.android.gms:play-services-ads-lite:21.5.0] AndroidManifest.xml:54:13-65
132            android:configChanges="keyboard|keyboardHidden|orientation|screenLayout|uiMode|screenSize|smallestScreenSize"
132-->[com.google.android.gms:play-services-ads-lite:21.5.0] AndroidManifest.xml:55:13-122
133            android:exported="false"
133-->[com.google.android.gms:play-services-ads-lite:21.5.0] AndroidManifest.xml:56:13-37
134            android:theme="@android:style/Theme.Translucent" />
134-->[com.google.android.gms:play-services-ads-lite:21.5.0] AndroidManifest.xml:57:13-61
135
136        <provider
136-->[com.google.android.gms:play-services-ads-lite:21.5.0] AndroidManifest.xml:60:9-65:43
137            android:name="com.google.android.gms.ads.MobileAdsInitProvider"
137-->[com.google.android.gms:play-services-ads-lite:21.5.0] AndroidManifest.xml:61:13-76
138            android:authorities="com.codedev.demo.mobileadsinitprovider"
138-->[com.google.android.gms:play-services-ads-lite:21.5.0] AndroidManifest.xml:62:13-73
139            android:exported="false"
139-->[com.google.android.gms:play-services-ads-lite:21.5.0] AndroidManifest.xml:63:13-37
140            android:initOrder="100" />
140-->[com.google.android.gms:play-services-ads-lite:21.5.0] AndroidManifest.xml:64:13-36
141
142        <service
142-->[com.google.android.gms:play-services-ads-lite:21.5.0] AndroidManifest.xml:67:9-71:43
143            android:name="com.google.android.gms.ads.AdService"
143-->[com.google.android.gms:play-services-ads-lite:21.5.0] AndroidManifest.xml:68:13-64
144            android:enabled="true"
144-->[com.google.android.gms:play-services-ads-lite:21.5.0] AndroidManifest.xml:69:13-35
145            android:exported="false" />
145-->[com.google.android.gms:play-services-ads-lite:21.5.0] AndroidManifest.xml:70:13-37
146
147        <activity
147-->[com.google.android.gms:play-services-ads-lite:21.5.0] AndroidManifest.xml:73:9-77:43
148            android:name="com.google.android.gms.ads.OutOfContextTestingActivity"
148-->[com.google.android.gms:play-services-ads-lite:21.5.0] AndroidManifest.xml:74:13-82
149            android:configChanges="keyboard|keyboardHidden|orientation|screenLayout|uiMode|screenSize|smallestScreenSize"
149-->[com.google.android.gms:play-services-ads-lite:21.5.0] AndroidManifest.xml:75:13-122
150            android:exported="false" />
150-->[com.google.android.gms:play-services-ads-lite:21.5.0] AndroidManifest.xml:76:13-37
151
152        <provider
152-->[com.google.firebase:firebase-common:20.2.0] AndroidManifest.xml:25:9-30:39
153            android:name="com.google.firebase.provider.FirebaseInitProvider"
153-->[com.google.firebase:firebase-common:20.2.0] AndroidManifest.xml:26:13-77
154            android:authorities="com.codedev.demo.firebaseinitprovider"
154-->[com.google.firebase:firebase-common:20.2.0] AndroidManifest.xml:27:13-72
155            android:directBootAware="true"
155-->[com.google.firebase:firebase-common:20.2.0] AndroidManifest.xml:28:13-43
156            android:exported="false"
156-->[com.google.firebase:firebase-common:20.2.0] AndroidManifest.xml:29:13-37
157            android:initOrder="100" />
157-->[com.google.firebase:firebase-common:20.2.0] AndroidManifest.xml:30:13-36
158
159        <activity
159-->[com.google.android.gms:play-services-base:18.0.1] AndroidManifest.xml:20:9-22:45
160            android:name="com.google.android.gms.common.api.GoogleApiActivity"
160-->[com.google.android.gms:play-services-base:18.0.1] AndroidManifest.xml:20:19-85
161            android:exported="false"
161-->[com.google.android.gms:play-services-base:18.0.1] AndroidManifest.xml:22:19-43
162            android:theme="@android:style/Theme.Translucent.NoTitleBar" />
162-->[com.google.android.gms:play-services-base:18.0.1] AndroidManifest.xml:21:19-78
163
164        <meta-data
164-->[com.google.android.gms:play-services-basement:18.1.0] AndroidManifest.xml:21:9-23:69
165            android:name="com.google.android.gms.version"
165-->[com.google.android.gms:play-services-basement:18.1.0] AndroidManifest.xml:22:13-58
166            android:value="@integer/google_play_services_version" />
166-->[com.google.android.gms:play-services-basement:18.1.0] AndroidManifest.xml:23:13-66
167
168        <provider
168-->[androidx.emoji2:emoji2:1.2.0] AndroidManifest.xml:24:9-32:20
169            android:name="androidx.startup.InitializationProvider"
169-->[androidx.emoji2:emoji2:1.2.0] AndroidManifest.xml:25:13-67
170            android:authorities="com.codedev.demo.androidx-startup"
170-->[androidx.emoji2:emoji2:1.2.0] AndroidManifest.xml:26:13-68
171            android:exported="false" >
171-->[androidx.emoji2:emoji2:1.2.0] AndroidManifest.xml:27:13-37
172            <meta-data
172-->[androidx.emoji2:emoji2:1.2.0] AndroidManifest.xml:29:13-31:52
173                android:name="androidx.emoji2.text.EmojiCompatInitializer"
173-->[androidx.emoji2:emoji2:1.2.0] AndroidManifest.xml:30:17-75
174                android:value="androidx.startup" />
174-->[androidx.emoji2:emoji2:1.2.0] AndroidManifest.xml:31:17-49
175            <meta-data
175-->[androidx.work:work-runtime:2.7.0] AndroidManifest.xml:36:13-38:52
176                android:name="androidx.work.WorkManagerInitializer"
176-->[androidx.work:work-runtime:2.7.0] AndroidManifest.xml:37:17-68
177                android:value="androidx.startup" />
177-->[androidx.work:work-runtime:2.7.0] AndroidManifest.xml:38:17-49
178            <meta-data
178-->[androidx.lifecycle:lifecycle-process:2.4.1] AndroidManifest.xml:31:13-33:52
179                android:name="androidx.lifecycle.ProcessLifecycleInitializer"
179-->[androidx.lifecycle:lifecycle-process:2.4.1] AndroidManifest.xml:32:17-78
180                android:value="androidx.startup" />
180-->[androidx.lifecycle:lifecycle-process:2.4.1] AndroidManifest.xml:33:17-49
181        </provider>
182
183        <service
183-->[androidx.work:work-runtime:2.7.0] AndroidManifest.xml:41:9-46:35
184            android:name="androidx.work.impl.background.systemalarm.SystemAlarmService"
184-->[androidx.work:work-runtime:2.7.0] AndroidManifest.xml:42:13-88
185            android:directBootAware="false"
185-->[androidx.work:work-runtime:2.7.0] AndroidManifest.xml:43:13-44
186            android:enabled="@bool/enable_system_alarm_service_default"
186-->[androidx.work:work-runtime:2.7.0] AndroidManifest.xml:44:13-72
187            android:exported="false" />
187-->[androidx.work:work-runtime:2.7.0] AndroidManifest.xml:45:13-37
188        <service
188-->[androidx.work:work-runtime:2.7.0] AndroidManifest.xml:47:9-53:35
189            android:name="androidx.work.impl.background.systemjob.SystemJobService"
189-->[androidx.work:work-runtime:2.7.0] AndroidManifest.xml:48:13-84
190            android:directBootAware="false"
190-->[androidx.work:work-runtime:2.7.0] AndroidManifest.xml:49:13-44
191            android:enabled="@bool/enable_system_job_service_default"
191-->[androidx.work:work-runtime:2.7.0] AndroidManifest.xml:50:13-70
192            android:exported="true"
192-->[androidx.work:work-runtime:2.7.0] AndroidManifest.xml:51:13-36
193            android:permission="android.permission.BIND_JOB_SERVICE" />
193-->[androidx.work:work-runtime:2.7.0] AndroidManifest.xml:52:13-69
194        <service
194-->[androidx.work:work-runtime:2.7.0] AndroidManifest.xml:54:9-59:35
195            android:name="androidx.work.impl.foreground.SystemForegroundService"
195-->[androidx.work:work-runtime:2.7.0] AndroidManifest.xml:55:13-81
196            android:directBootAware="false"
196-->[androidx.work:work-runtime:2.7.0] AndroidManifest.xml:56:13-44
197            android:enabled="@bool/enable_system_foreground_service_default"
197-->[androidx.work:work-runtime:2.7.0] AndroidManifest.xml:57:13-77
198            android:exported="false" />
198-->[androidx.work:work-runtime:2.7.0] AndroidManifest.xml:58:13-37
199
200        <receiver
200-->[androidx.work:work-runtime:2.7.0] AndroidManifest.xml:61:9-66:35
201            android:name="androidx.work.impl.utils.ForceStopRunnable$BroadcastReceiver"
201-->[androidx.work:work-runtime:2.7.0] AndroidManifest.xml:62:13-88
202            android:directBootAware="false"
202-->[androidx.work:work-runtime:2.7.0] AndroidManifest.xml:63:13-44
203            android:enabled="true"
203-->[androidx.work:work-runtime:2.7.0] AndroidManifest.xml:64:13-35
204            android:exported="false" />
204-->[androidx.work:work-runtime:2.7.0] AndroidManifest.xml:65:13-37
205        <receiver
205-->[androidx.work:work-runtime:2.7.0] AndroidManifest.xml:67:9-77:20
206            android:name="androidx.work.impl.background.systemalarm.ConstraintProxy$BatteryChargingProxy"
206-->[androidx.work:work-runtime:2.7.0] AndroidManifest.xml:68:13-106
207            android:directBootAware="false"
207-->[androidx.work:work-runtime:2.7.0] AndroidManifest.xml:69:13-44
208            android:enabled="false"
208-->[androidx.work:work-runtime:2.7.0] AndroidManifest.xml:70:13-36
209            android:exported="false" >
209-->[androidx.work:work-runtime:2.7.0] AndroidManifest.xml:71:13-37
210            <intent-filter>
210-->[androidx.work:work-runtime:2.7.0] AndroidManifest.xml:73:13-76:29
211                <action android:name="android.intent.action.ACTION_POWER_CONNECTED" />
211-->[androidx.work:work-runtime:2.7.0] AndroidManifest.xml:74:17-87
211-->[androidx.work:work-runtime:2.7.0] AndroidManifest.xml:74:25-84
212                <action android:name="android.intent.action.ACTION_POWER_DISCONNECTED" />
212-->[androidx.work:work-runtime:2.7.0] AndroidManifest.xml:75:17-90
212-->[androidx.work:work-runtime:2.7.0] AndroidManifest.xml:75:25-87
213            </intent-filter>
214        </receiver>
215        <receiver
215-->[androidx.work:work-runtime:2.7.0] AndroidManifest.xml:78:9-88:20
216            android:name="androidx.work.impl.background.systemalarm.ConstraintProxy$BatteryNotLowProxy"
216-->[androidx.work:work-runtime:2.7.0] AndroidManifest.xml:79:13-104
217            android:directBootAware="false"
217-->[androidx.work:work-runtime:2.7.0] AndroidManifest.xml:80:13-44
218            android:enabled="false"
218-->[androidx.work:work-runtime:2.7.0] AndroidManifest.xml:81:13-36
219            android:exported="false" >
219-->[androidx.work:work-runtime:2.7.0] AndroidManifest.xml:82:13-37
220            <intent-filter>
220-->[androidx.work:work-runtime:2.7.0] AndroidManifest.xml:84:13-87:29
221                <action android:name="android.intent.action.BATTERY_OKAY" />
221-->[androidx.work:work-runtime:2.7.0] AndroidManifest.xml:85:17-77
221-->[androidx.work:work-runtime:2.7.0] AndroidManifest.xml:85:25-74
222                <action android:name="android.intent.action.BATTERY_LOW" />
222-->[androidx.work:work-runtime:2.7.0] AndroidManifest.xml:86:17-76
222-->[androidx.work:work-runtime:2.7.0] AndroidManifest.xml:86:25-73
223            </intent-filter>
224        </receiver>
225        <receiver
225-->[androidx.work:work-runtime:2.7.0] AndroidManifest.xml:89:9-99:20
226            android:name="androidx.work.impl.background.systemalarm.ConstraintProxy$StorageNotLowProxy"
226-->[androidx.work:work-runtime:2.7.0] AndroidManifest.xml:90:13-104
227            android:directBootAware="false"
227-->[androidx.work:work-runtime:2.7.0] AndroidManifest.xml:91:13-44
228            android:enabled="false"
228-->[androidx.work:work-runtime:2.7.0] AndroidManifest.xml:92:13-36
229            android:exported="false" >
229-->[androidx.work:work-runtime:2.7.0] AndroidManifest.xml:93:13-37
230            <intent-filter>
230-->[androidx.work:work-runtime:2.7.0] AndroidManifest.xml:95:13-98:29
231                <action android:name="android.intent.action.DEVICE_STORAGE_LOW" />
231-->[androidx.work:work-runtime:2.7.0] AndroidManifest.xml:96:17-83
231-->[androidx.work:work-runtime:2.7.0] AndroidManifest.xml:96:25-80
232                <action android:name="android.intent.action.DEVICE_STORAGE_OK" />
232-->[androidx.work:work-runtime:2.7.0] AndroidManifest.xml:97:17-82
232-->[androidx.work:work-runtime:2.7.0] AndroidManifest.xml:97:25-79
233            </intent-filter>
234        </receiver>
235        <receiver
235-->[androidx.work:work-runtime:2.7.0] AndroidManifest.xml:100:9-109:20
236            android:name="androidx.work.impl.background.systemalarm.ConstraintProxy$NetworkStateProxy"
236-->[androidx.work:work-runtime:2.7.0] AndroidManifest.xml:101:13-103
237            android:directBootAware="false"
237-->[androidx.work:work-runtime:2.7.0] AndroidManifest.xml:102:13-44
238            android:enabled="false"
238-->[androidx.work:work-runtime:2.7.0] AndroidManifest.xml:103:13-36
239            android:exported="false" >
239-->[androidx.work:work-runtime:2.7.0] AndroidManifest.xml:104:13-37
240            <intent-filter>
240-->[androidx.work:work-runtime:2.7.0] AndroidManifest.xml:106:13-108:29
241                <action android:name="android.net.conn.CONNECTIVITY_CHANGE" />
241-->[androidx.work:work-runtime:2.7.0] AndroidManifest.xml:107:17-79
241-->[androidx.work:work-runtime:2.7.0] AndroidManifest.xml:107:25-76
242            </intent-filter>
243        </receiver>
244        <receiver
244-->[androidx.work:work-runtime:2.7.0] AndroidManifest.xml:110:9-121:20
245            android:name="androidx.work.impl.background.systemalarm.RescheduleReceiver"
245-->[androidx.work:work-runtime:2.7.0] AndroidManifest.xml:111:13-88
246            android:directBootAware="false"
246-->[androidx.work:work-runtime:2.7.0] AndroidManifest.xml:112:13-44
247            android:enabled="false"
247-->[androidx.work:work-runtime:2.7.0] AndroidManifest.xml:113:13-36
248            android:exported="false" >
248-->[androidx.work:work-runtime:2.7.0] AndroidManifest.xml:114:13-37
249            <intent-filter>
249-->[androidx.work:work-runtime:2.7.0] AndroidManifest.xml:116:13-120:29
250                <action android:name="android.intent.action.BOOT_COMPLETED" />
250-->[androidx.work:work-runtime:2.7.0] AndroidManifest.xml:117:17-79
250-->[androidx.work:work-runtime:2.7.0] AndroidManifest.xml:117:25-76
251                <action android:name="android.intent.action.TIME_SET" />
251-->[androidx.work:work-runtime:2.7.0] AndroidManifest.xml:118:17-73
251-->[androidx.work:work-runtime:2.7.0] AndroidManifest.xml:118:25-70
252                <action android:name="android.intent.action.TIMEZONE_CHANGED" />
252-->[androidx.work:work-runtime:2.7.0] AndroidManifest.xml:119:17-81
252-->[androidx.work:work-runtime:2.7.0] AndroidManifest.xml:119:25-78
253            </intent-filter>
254        </receiver>
255        <receiver
255-->[androidx.work:work-runtime:2.7.0] AndroidManifest.xml:122:9-131:20
256            android:name="androidx.work.impl.background.systemalarm.ConstraintProxyUpdateReceiver"
256-->[androidx.work:work-runtime:2.7.0] AndroidManifest.xml:123:13-99
257            android:directBootAware="false"
257-->[androidx.work:work-runtime:2.7.0] AndroidManifest.xml:124:13-44
258            android:enabled="@bool/enable_system_alarm_service_default"
258-->[androidx.work:work-runtime:2.7.0] AndroidManifest.xml:125:13-72
259            android:exported="false" >
259-->[androidx.work:work-runtime:2.7.0] AndroidManifest.xml:126:13-37
260            <intent-filter>
260-->[androidx.work:work-runtime:2.7.0] AndroidManifest.xml:128:13-130:29
261                <action android:name="androidx.work.impl.background.systemalarm.UpdateProxies" />
261-->[androidx.work:work-runtime:2.7.0] AndroidManifest.xml:129:17-98
261-->[androidx.work:work-runtime:2.7.0] AndroidManifest.xml:129:25-95
262            </intent-filter>
263        </receiver>
264        <receiver
264-->[androidx.work:work-runtime:2.7.0] AndroidManifest.xml:132:9-142:20
265            android:name="androidx.work.impl.diagnostics.DiagnosticsReceiver"
265-->[androidx.work:work-runtime:2.7.0] AndroidManifest.xml:133:13-78
266            android:directBootAware="false"
266-->[androidx.work:work-runtime:2.7.0] AndroidManifest.xml:134:13-44
267            android:enabled="true"
267-->[androidx.work:work-runtime:2.7.0] AndroidManifest.xml:135:13-35
268            android:exported="true"
268-->[androidx.work:work-runtime:2.7.0] AndroidManifest.xml:136:13-36
269            android:permission="android.permission.DUMP" >
269-->[androidx.work:work-runtime:2.7.0] AndroidManifest.xml:137:13-57
270            <intent-filter>
270-->[androidx.work:work-runtime:2.7.0] AndroidManifest.xml:139:13-141:29
271                <action android:name="androidx.work.diagnostics.REQUEST_DIAGNOSTICS" />
271-->[androidx.work:work-runtime:2.7.0] AndroidManifest.xml:140:17-88
271-->[androidx.work:work-runtime:2.7.0] AndroidManifest.xml:140:25-85
272            </intent-filter>
273        </receiver>
274
275        <service
275-->[androidx.room:room-runtime:2.2.5] AndroidManifest.xml:25:9-28:40
276            android:name="androidx.room.MultiInstanceInvalidationService"
276-->[androidx.room:room-runtime:2.2.5] AndroidManifest.xml:26:13-74
277            android:directBootAware="true"